Apr-22 14:46:41.967 [main] DEBUG nextflow.cli.Launcher - $> nextflow run main.nf -profile conda,lsf -params-file params/svir_params.json -preview --analysis_mode single_end
Apr-22 14:46:42.026 [main] INFO  nextflow.cli.CmdRun - N E X T F L O W  ~  version 22.10.7
Apr-22 14:46:42.038 [main] DEBUG nextflow.plugin.PluginsFacade - Setting up plugin manager > mode=prod; embedded=false; plugins-dir=/Users/se13/.nextflow/plugins; core-plugins: nf-amazon@1.11.4,nf-azure@0.14.2,nf-codecommit@0.1.2,nf-console@1.0.4,nf-ga4gh@1.0.4,nf-google@1.4.5,nf-tower@1.5.6,nf-wave@0.5.4
Apr-22 14:46:42.044 [main] INFO  org.pf4j.DefaultPluginStatusProvider - Enabled plugins: []
Apr-22 14:46:42.045 [main] INFO  org.pf4j.DefaultPluginStatusProvider - Disabled plugins: []
Apr-22 14:46:42.047 [main] INFO  org.pf4j.DefaultPluginManager - PF4J version 3.4.1 in 'deployment' mode
Apr-22 14:46:42.055 [main] INFO  org.pf4j.AbstractPluginManager - No plugins
Apr-22 14:46:42.063 [main] DEBUG nextflow.config.ConfigBuilder - Found config local: /Users/se13/workspace/projects/pipelines/var_call/nextflow.config
Apr-22 14:46:42.064 [main] DEBUG nextflow.config.ConfigBuilder - Parsing config file: /Users/se13/workspace/projects/pipelines/var_call/nextflow.config
Apr-22 14:46:42.083 [main] DEBUG nextflow.config.ConfigBuilder - Applying config profile: `conda,lsf`
Apr-22 14:46:42.557 [main] DEBUG nextflow.config.ConfigBuilder - Available config profiles: [standard, test, apptainer, conda, lsf]
Apr-22 14:46:42.577 [main] DEBUG nextflow.cli.CmdRun - Applied DSL=2 from script declararion
Apr-22 14:46:42.593 [main] INFO  nextflow.cli.CmdRun - * PREVIEW * null [wise_fourier] DSL2 - revision: becb241c3f
Apr-22 14:46:42.594 [main] DEBUG nextflow.plugin.PluginsFacade - Plugins default=[]
Apr-22 14:46:42.594 [main] DEBUG nextflow.plugin.PluginsFacade - Plugins resolved requirement=[]
Apr-22 14:46:42.599 [main] DEBUG nextflow.secret.LocalSecretsProvider - Secrets store: /Users/se13/.nextflow/secrets/store.json
Apr-22 14:46:42.602 [main] DEBUG nextflow.secret.SecretsLoader - Discovered secrets providers: [nextflow.secret.LocalSecretsProvider@69d23296] - activable => nextflow.secret.LocalSecretsProvider@69d23296
Apr-22 14:46:42.645 [main] DEBUG nextflow.Session - Session UUID: 59e4a888-625d-4fdd-90b0-86557ecac769
Apr-22 14:46:42.645 [main] DEBUG nextflow.Session - Run name: wise_fourier
Apr-22 14:46:42.645 [main] DEBUG nextflow.Session - Executor pool size: 8
Apr-22 14:46:42.658 [main] DEBUG nextflow.util.ThreadPoolBuilder - Creating thread pool 'FileTransfer' minSize=10; maxSize=24; workQueue=LinkedBlockingQueue[10000]; allowCoreThreadTimeout=false
Apr-22 14:46:42.690 [main] DEBUG nextflow.cli.CmdRun - 
  Version: 22.10.7 build 5853
  Created: 18-02-2023 20:32 UTC (20:32 BST)
  System: Mac OS X 26.4
  Runtime: Groovy 3.0.13 on Java HotSpot(TM) 64-Bit Server VM 17.0.6+9-LTS-190
  Encoding: UTF-8 (UTF-8)
  Process: 51520@mib117530s [172.20.241.6]
  CPUs: 8 - Mem: 16 GB (95.3 MB) - Swap: 3 GB (1.3 GB)
Apr-22 14:46:42.706 [main] DEBUG nextflow.Session - Work-dir: /Users/se13/workspace/projects/pipelines/var_call/work [Mac OS X]
Apr-22 14:46:42.717 [main] DEBUG nextflow.executor.ExecutorFactory - Extension executors providers=[]
Apr-22 14:46:42.728 [main] DEBUG nextflow.Session - Observer factory: DefaultObserverFactory
Apr-22 14:46:42.771 [main] DEBUG nextflow.cache.CacheFactory - Using Nextflow cache factory: nextflow.cache.DefaultCacheFactory
Apr-22 14:46:42.780 [main] DEBUG nextflow.util.CustomThreadPool - Creating default thread pool > poolSize: 9; maxThreads: 1000
Apr-22 14:46:42.823 [main] DEBUG nextflow.Session - Session start
Apr-22 14:46:42.828 [main] DEBUG nextflow.trace.TraceFileObserver - Workflow started -- trace file: /Users/se13/workspace/projects/pipelines/var_call/data/results/var_call/sminthurus_viridis/pipeline_info/execution_trace.txt
Apr-22 14:46:43.071 [main] DEBUG nextflow.script.ScriptRunner - > Launching execution
Apr-22 14:46:44.022 [main] INFO  nextflow.Nextflow - 
V A R   C A L L
============================
analysis_mode       : single_end
genome              : /Users/se13/workspace/projects/pipelines/var_call/data/results/annotations/sminthurus_viridis/earlgrey/sminthurus_viridis_draft_summaryFiles/sminthurus_viridis_draft.softmasked.fasta
input               : N/A
reads               : /Users/se13/workspace/projects/pipelines/var_call/data/raw_data/svir/other.fastq.gz
bams                : N/A
repeat_bed          : /Users/se13/workspace/projects/pipelines/var_call/data/results/annotations/sminthurus_viridis/earlgrey/sminthurus_viridis_draft_summaryFiles/sminthurus_viridis_draft.filteredRepeats.bed
outdir              : /Users/se13/workspace/projects/pipelines/var_call/data/results/var_call/sminthurus_viridis/
species             : sminthurus_viridis
dataset_id          : N/A
run_label           : sminthurus_viridis
apptainer_container : N/A
skip_trimming       : false

Apr-22 14:46:44.090 [main] DEBUG nextflow.executor.ExecutorFactory - << taskConfig executor: lsf
Apr-22 14:46:44.091 [main] DEBUG nextflow.executor.ExecutorFactory - >> processorType: 'lsf'
Apr-22 14:46:44.095 [main] DEBUG nextflow.executor.Executor - [warm up] executor > lsf
Apr-22 14:46:44.098 [main] DEBUG n.processor.TaskPollingMonitor - Creating task monitor for executor 'lsf' > capacity: 100; pollInterval: 5s; dumpInterval: 5m 
Apr-22 14:46:44.100 [main] DEBUG n.executor.AbstractGridExecutor - Creating executor 'lsf' > queue-stat-interval: 1m
Apr-22 14:46:44.141 [main] DEBUG nextflow.executor.ExecutorFactory - << taskConfig executor: lsf
Apr-22 14:46:44.142 [main] DEBUG nextflow.executor.ExecutorFactory - >> processorType: 'lsf'
Apr-22 14:46:44.155 [main] DEBUG nextflow.script.ProcessConfig - Config settings `withName:BWA_MEM_SE` matches process VAR_CALL_SINGLE_END:BWA_MEM_SE
Apr-22 14:46:44.156 [main] DEBUG nextflow.executor.ExecutorFactory - << taskConfig executor: lsf
Apr-22 14:46:44.156 [main] DEBUG nextflow.executor.ExecutorFactory - >> processorType: 'lsf'
Apr-22 14:46:44.162 [main] DEBUG nextflow.script.ProcessConfig - Config settings `withName:ADD_RGS|SORT_BAM_SAMBAMBA` matches process VAR_CALL_SINGLE_END:SORT_BAM_SAMBAMBA
Apr-22 14:46:44.163 [main] DEBUG nextflow.executor.ExecutorFactory - << taskConfig executor: lsf
Apr-22 14:46:44.163 [main] DEBUG nextflow.executor.ExecutorFactory - >> processorType: 'lsf'
Apr-22 14:46:44.167 [main] DEBUG nextflow.executor.ExecutorFactory - << taskConfig executor: lsf
Apr-22 14:46:44.167 [main] DEBUG nextflow.executor.ExecutorFactory - >> processorType: 'lsf'
Apr-22 14:46:44.171 [main] DEBUG nextflow.executor.ExecutorFactory - << taskConfig executor: lsf
Apr-22 14:46:44.171 [main] DEBUG nextflow.executor.ExecutorFactory - >> processorType: 'lsf'
Apr-22 14:46:44.183 [main] DEBUG nextflow.script.ProcessConfig - Config settings `withName:MOSDEPTH_CALLABLE` matches process VAR_CALL_SINGLE_END:CALLABLE_REGIONS:MOSDEPTH_CALLABLE
Apr-22 14:46:44.183 [main] DEBUG nextflow.executor.ExecutorFactory - << taskConfig executor: lsf
Apr-22 14:46:44.183 [main] DEBUG nextflow.executor.ExecutorFactory - >> processorType: 'lsf'
Apr-22 14:46:44.191 [main] DEBUG nextflow.script.ProcessConfig - Config settings `withName:INTERSECT_BEDS|INTERSECT_BED|GENERATE_FAIL_BED|BEDTOOLS_SUBTRACT` matches process VAR_CALL_SINGLE_END:CALLABLE_REGIONS:INTERSECT_BEDS
Apr-22 14:46:44.192 [main] DEBUG nextflow.executor.ExecutorFactory - << taskConfig executor: lsf
Apr-22 14:46:44.192 [main] DEBUG nextflow.executor.ExecutorFactory - >> processorType: 'lsf'
Apr-22 14:46:44.196 [main] DEBUG nextflow.executor.ExecutorFactory - << taskConfig executor: lsf
Apr-22 14:46:44.197 [main] DEBUG nextflow.executor.ExecutorFactory - >> processorType: 'lsf'
Apr-22 14:46:44.200 [main] DEBUG nextflow.script.ProcessConfig - Config settings `withName:FREEBAYES` matches process VAR_CALL_SINGLE_END:FREEBAYES
Apr-22 14:46:44.201 [main] DEBUG nextflow.executor.ExecutorFactory - << taskConfig executor: lsf
Apr-22 14:46:44.201 [main] DEBUG nextflow.executor.ExecutorFactory - >> processorType: 'lsf'
Apr-22 14:46:44.204 [main] DEBUG nextflow.script.ProcessConfig - Config settings `withName:BCFTOOLS_FILTER|BCFTOOLS_SORT|BCFTOOLS_INDEX` matches process VAR_CALL_SINGLE_END:FILTER_VARIANTS:BCFTOOLS_FILTER
Apr-22 14:46:44.205 [main] DEBUG nextflow.executor.ExecutorFactory - << taskConfig executor: lsf
Apr-22 14:46:44.205 [main] DEBUG nextflow.executor.ExecutorFactory - >> processorType: 'lsf'
Apr-22 14:46:44.207 [main] DEBUG nextflow.script.ProcessConfig - Config settings `withName:INTERSECT_BEDS|INTERSECT_BED|GENERATE_FAIL_BED|BEDTOOLS_SUBTRACT` matches process VAR_CALL_SINGLE_END:FILTER_VARIANTS:GENERATE_FAIL_BED
Apr-22 14:46:44.208 [main] DEBUG nextflow.executor.ExecutorFactory - << taskConfig executor: lsf
Apr-22 14:46:44.208 [main] DEBUG nextflow.executor.ExecutorFactory - >> processorType: 'lsf'
Apr-22 14:46:44.210 [main] DEBUG nextflow.executor.ExecutorFactory - << taskConfig executor: lsf
Apr-22 14:46:44.211 [main] DEBUG nextflow.executor.ExecutorFactory - >> processorType: 'lsf'
Apr-22 14:46:44.213 [main] DEBUG nextflow.script.ProcessConfig - Config settings `withName:INTERSECT_BEDS|INTERSECT_BED|GENERATE_FAIL_BED|BEDTOOLS_SUBTRACT` matches process VAR_CALL_SINGLE_END:FILTER_VARIANTS:BEDTOOLS_SUBTRACT
Apr-22 14:46:44.213 [main] DEBUG nextflow.executor.ExecutorFactory - << taskConfig executor: lsf
Apr-22 14:46:44.213 [main] DEBUG nextflow.executor.ExecutorFactory - >> processorType: 'lsf'
Apr-22 14:46:44.216 [main] DEBUG nextflow.script.ProcessConfig - Config settings `withName:BCFTOOLS_FILTER|BCFTOOLS_SORT|BCFTOOLS_INDEX` matches process VAR_CALL_SINGLE_END:FILTER_VARIANTS:BCFTOOLS_SORT
Apr-22 14:46:44.217 [main] DEBUG nextflow.executor.ExecutorFactory - << taskConfig executor: lsf
Apr-22 14:46:44.217 [main] DEBUG nextflow.executor.ExecutorFactory - >> processorType: 'lsf'
Apr-22 14:46:44.219 [main] DEBUG nextflow.script.ProcessConfig - Config settings `withName:BCFTOOLS_FILTER|BCFTOOLS_SORT|BCFTOOLS_INDEX` matches process VAR_CALL_SINGLE_END:FILTER_VARIANTS:BCFTOOLS_INDEX
Apr-22 14:46:44.220 [main] DEBUG nextflow.executor.ExecutorFactory - << taskConfig executor: lsf
Apr-22 14:46:44.220 [main] DEBUG nextflow.executor.ExecutorFactory - >> processorType: 'lsf'
Apr-22 14:46:44.223 [main] DEBUG nextflow.Session - Workflow process names [dsl2]: VAR_CALL_SINGLE_END:MARK_DUPES_SAMBAMBA, VAR_CALL_SINGLE_END:PREPARE_REFERENCE:SAMTOOLS_FAIDX, GENERATE_PASS_VCF, VAR_CALL_SINGLE_END:PREPARE_REFERENCE:BWA_INDEX, BCFTOOLS_INDEX, BWA_MEM_SE, MARK_DUPES_SAMBAMBA, BWA_MEM, VAR_CALL_SINGLE_END:BWA_MEM_SE, INTERSECT_BEDS_NO_REPEATS, VAR_CALL_SINGLE_END:CALLABLE_REGIONS:MOSDEPTH_CALLABLE, VAR_CALL_SINGLE_END:FILTER_VARIANTS:BEDTOOLS_SUBTRACT, VAR_CALL_SINGLE_END:FILTER_VARIANTS:BCFTOOLS_SORT, FREEBAYES, TRIM_READS, BWA_INDEX, VAR_CALL_SINGLE_END:FREEBAYES, GENERATE_FAIL_BED, VAR_CALL_SINGLE_END:FILTER_VARIANTS:GENERATE_FAIL_BED, SAMTOOLS_FAIDX, VAR_CALL_SINGLE_END:CALLABLE_REGIONS:INTERSECT_BEDS, VAR_CALL_SINGLE_END:SAMBAMBA_MERGE, INTERSECT_BEDS, VAR_CALL_SINGLE_END:INDEX_BAM_SAMBAMBA, VAR_CALL_SINGLE_END:FILTER_VARIANTS:GENERATE_PASS_VCF, BCFTOOLS_SORT, BEDTOOLS_SUBTRACT, ADD_RGS, VAR_CALL_SINGLE_END:FILTER_VARIANTS:BCFTOOLS_FILTER, SAMBAMBA_MERGE, MOSDEPTH_CALLABLE, BCFTOOLS_FILTER, VAR_CALL_SINGLE_END:FILTER_VARIANTS:BCFTOOLS_INDEX, SORT_BAM_SAMBAMBA, VAR_CALL_SINGLE_END:SORT_BAM_SAMBAMBA, INDEX_BAM_SAMBAMBA
Apr-22 14:46:44.232 [main] DEBUG nextflow.trace.WorkflowStatsObserver - Workflow completed > WorkflowStats[succeededCount=0; failedCount=0; ignoredCount=0; cachedCount=0; pendingCount=0; submittedCount=0; runningCount=0; retriesCount=0; abortedCount=0; succeedDuration=0ms; failedDuration=0ms; cachedDuration=0ms;loadCpus=0; loadMemory=0; peakRunning=0; peakCpus=0; peakMemory=0; ]
Apr-22 14:46:44.232 [main] DEBUG nextflow.trace.TraceFileObserver - Workflow completed -- saving trace file
Apr-22 14:46:44.233 [main] DEBUG nextflow.trace.ReportObserver - Workflow completed -- rendering execution report
Apr-22 14:46:44.235 [main] DEBUG nextflow.trace.ReportObserver - Execution report summary data:
  []
Apr-22 14:46:45.060 [main] DEBUG nextflow.trace.TimelineObserver - Workflow completed -- rendering execution timeline
Apr-22 14:46:45.630 [main] DEBUG nextflow.cache.CacheDB - Closing CacheDB done
Apr-22 14:46:45.650 [main] DEBUG nextflow.util.ThreadPoolManager - Thread pool 'FileTransfer' shutdown completed (hard=false)
Apr-22 14:46:45.650 [main] DEBUG nextflow.script.ScriptRunner - > Execution complete -- Goodbye
